Installer NCSDK version: 1.11.00.02
Creating setup directory...
Remove previous NCSDK references from PYTHONPATH...done
Hit:1 https://packages.microsoft.com/repos/vscode stable InRelease
Hit:2 http://cn.archive.ubuntu.com/ubuntu xenial InRelease
Get:3 http://cn.archive.ubuntu.com/ubuntu xenial-updates InRelease [109 kB]
Get:4 http://security.ubuntu.com/ubuntu xenial-security InRelease [109 kB]
Hit:5 https://download.sublimetext.com apt/stable/ InRelease
Get:6 http://cn.archive.ubuntu.com/ubuntu xenial-backports InRelease [107 kB]
Hit:7 https://download.docker.com/linux/ubuntu xenial InRelease
Fetched 325 kB in 30s (10.6 kB/s)
Reading package lists...
Reading package lists...
Building dependency tree...
Reading state information...
python3 is already the newest version (3.5.1-3).
unzip is already the newest version (6.0-20ubuntu1).
coreutils is already the newest version (8.25-2ubuntu3~16.04).
curl is already the newest version (7.47.0-1ubuntu2.12).
git is already the newest version (1:2.7.4-0ubuntu1.6).
python3-pip is already the newest version (8.1.1-2ubuntu0.4).
0 upgraded, 0 newly installed, 0 to remove and 53 not upgraded.
Reading package lists...
Building dependency tree...
Reading state information...
automake is already the newest version (1:1.15-4ubuntu1).
gfortran is already the newest version (4:5.3.1-1ubuntu1).
libleveldb-dev is already the newest version (1.18-5).
libprotobuf-dev is already the newest version (2.6.1-1.3).
libsnappy-dev is already the newest version (1.1.3-2).
protobuf-compiler is already the newest version (2.6.1-1.3).
python-numpy is already the newest version (1:1.11.0-1ubuntu1).
python3-dev is already the newest version (3.5.1-3).
python3-nose is already the newest version (1.3.7-1).
python3-numpy is already the newest version (1:1.11.0-1ubuntu1).
python3-yaml is already the newest version (3.11-3build1).
byacc is already the newest version (20140715-1).
libatlas-base-dev is already the newest version (3.10.2-9).
libgflags-dev is already the newest version (2.1.2-3).
libgoogle-glog-dev is already the newest version (0.3.4-0.1).
liblmdb-dev is already the newest version (0.9.17-3).
python3-scipy is already the newest version (0.17.0-1).
swig3.0 is already the newest version (3.0.8-0ubuntu3).
cmake is already the newest version (3.5.1-1ubuntu3).
git is already the newest version (1:2.7.4-0ubuntu1.6).
graphviz is already the newest version (2.38.0-12ubuntu2.1).
libxml2-dev is already the newest version (2.9.3+dfsg1-1ubuntu0.6).
libxslt1-dev is already the newest version (1.1.28-2.1ubuntu0.1).
lsb-release is already the newest version (9.20160110ubuntu0.2).
libhdf5-serial-dev is already the newest version (1.8.16+docs-4ubuntu1.1).
libopencv-dev is already the newest version (2.4.9.1+dfsg-1.5ubuntu1.1).
python-pip is already the newest version (8.1.1-2ubuntu0.4).
python3-pip is already the newest version (8.1.1-2ubuntu0.4).
0 upgraded, 0 newly installed, 0 to remove and 53 not upgraded.
Reading package lists...
Building dependency tree...
Reading state information...
libboost-all-dev is already the newest version (1.58.0.1ubuntu1).
0 upgraded, 0 newly installed, 0 to remove and 53 not upgraded.
Installing python dependencies...
Requirement already satisfied (use --upgrade to upgrade): Cython<=0.26,>=0.23.4 in /usr/local/lib/python3.5/dist-packages (from -r /home/inomjon/Projects/SIMCAM_SDK_v1.0.0/tools/mv_toolchain/model_conversion/requirements.txt (line 1))
Requirement already satisfied (use --upgrade to upgrade): Markdown<=2.6.8,>=2.6.2 in /usr/local/lib/python3.5/dist-packages (from -r /home/inomjon/Projects/SIMCAM_SDK_v1.0.0/tools/mv_toolchain/model_conversion/requirements.txt (line 2))
Requirement already satisfied (use --upgrade to upgrade): Pillow<=4.2.1,>=3.1.0 in /usr/lib/python3/dist-packages (from -r /home/inomjon/Projects/SIMCAM_SDK_v1.0.0/tools/mv_toolchain/model_conversion/requirements.txt (line 3))
Requirement already satisfied (use --upgrade to upgrade): PyYAML<=3.12,>=3.11 in /usr/local/lib/python3.5/dist-packages (from -r /home/inomjon/Projects/SIMCAM_SDK_v1.0.0/tools/mv_toolchain/model_conversion/requirements.txt (line 4))
Requirement already satisfied (use --upgrade to upgrade): graphviz<=0.8,>=0.4.10 in /usr/local/lib/python3.5/dist-packages (from -r /home/inomjon/Projects/SIMCAM_SDK_v1.0.0/tools/mv_toolchain/model_conversion/requirements.txt (line 5))
Requirement already satisfied (use --upgrade to upgrade): h5py<=2.7.0,>=2.5.0 in /usr/local/lib/python3.5/dist-packages (from -r /home/inomjon/Projects/SIMCAM_SDK_v1.0.0/tools/mv_toolchain/model_conversion/requirements.txt (line 6))
Requirement already satisfied (use --upgrade to upgrade): lxml<=3.8.0,>=3.4.4 in /usr/lib/python3/dist-packages (from -r /home/inomjon/Projects/SIMCAM_SDK_v1.0.0/tools/mv_toolchain/model_conversion/requirements.txt (line 7))
Requirement already satisfied (use --upgrade to upgrade): matplotlib<=2.0.2,>=1.5.0 in /usr/local/lib/python3.5/dist-packages (from -r /home/inomjon/Projects/SIMCAM_SDK_v1.0.0/tools/mv_toolchain/model_conversion/requirements.txt (line 8))
Requirement already satisfied (use --upgrade to upgrade): numpy<=1.13.3,>=1.13.0 in /usr/local/lib/python3.5/dist-packages (from -r /home/inomjon/Projects/SIMCAM_SDK_v1.0.0/tools/mv_toolchain/model_conversion/requirements.txt (line 9))
Requirement already satisfied (use --upgrade to upgrade): protobuf<=3.4.0,>=3.0.0b2 in /usr/local/lib/python3.5/dist-packages (from -r /home/inomjon/Projects/SIMCAM_SDK_v1.0.0/tools/mv_toolchain/model_conversion/requirements.txt (line 10))
Requirement already satisfied (use --upgrade to upgrade): python-dateutil<=2.6.1,>=2.4.2 in /usr/local/lib/python3.5/dist-packages (from -r /home/inomjon/Projects/SIMCAM_SDK_v1.0.0/tools/mv_toolchain/model_conversion/requirements.txt (line 11))
Requirement already satisfied (use --upgrade to upgrade): scikit-image<=0.13.0,>=0.11.3 in /usr/local/lib/python3.5/dist-packages (from -r /home/inomjon/Projects/SIMCAM_SDK_v1.0.0/tools/mv_toolchain/model_conversion/requirements.txt (line 12))
Requirement already satisfied (use --upgrade to upgrade): scipy<=0.19.1,>=0.14.1 in /usr/local/lib/python3.5/dist-packages (from -r /home/inomjon/Projects/SIMCAM_SDK_v1.0.0/tools/mv_toolchain/model_conversion/requirements.txt (line 13))
Requirement already satisfied (use --upgrade to upgrade): six>=1.10.0 in /usr/lib/python3/dist-packages (from -r /home/inomjon/Projects/SIMCAM_SDK_v1.0.0/tools/mv_toolchain/model_conversion/requirements.txt (line 14))
Requirement already satisfied (use --upgrade to upgrade): networkx<=1.11,>=1.10 in /usr/local/lib/python3.5/dist-packages (from -r /home/inomjon/Projects/SIMCAM_SDK_v1.0.0/tools/mv_toolchain/model_conversion/requirements.txt (line 15))
Requirement already satisfied (use --upgrade to upgrade): pytz in /usr/local/lib/python3.5/dist-packages (from matplotlib<=2.0.2,>=1.5.0->-r /home/inomjon/Projects/SIMCAM_SDK_v1.0.0/tools/mv_toolchain/model_conversion/requirements.txt (line 8))
Requirement already satisfied (use --upgrade to upgrade): cycler>=0.10 in /usr/local/lib/python3.5/dist-packages (from matplotlib<=2.0.2,>=1.5.0->-r /home/inomjon/Projects/SIMCAM_SDK_v1.0.0/tools/mv_toolchain/model_conversion/requirements.txt (line 8))
Requirement already satisfied (use --upgrade to upgrade): pyparsing!=2.0.0,!=2.0.4,!=2.1.2,!=2.1.6,>=1.5.6 in /usr/lib/python3/dist-packages (from matplotlib<=2.0.2,>=1.5.0->-r /home/inomjon/Projects/SIMCAM_SDK_v1.0.0/tools/mv_toolchain/model_conversion/requirements.txt (line 8))
Requirement already satisfied (use --upgrade to upgrade): setuptools in /usr/lib/python3/dist-packages (from protobuf<=3.4.0,>=3.0.0b2->-r /home/inomjon/Projects/SIMCAM_SDK_v1.0.0/tools/mv_toolchain/model_conversion/requirements.txt (line 10))
Requirement already satisfied (use --upgrade to upgrade): PyWavelets>=0.4.0 in /usr/local/lib/python3.5/dist-packages (from scikit-image<=0.13.0,>=0.11.3->-r /home/inomjon/Projects/SIMCAM_SDK_v1.0.0/tools/mv_toolchain/model_conversion/requirements.txt (line 12))
Requirement already satisfied (use --upgrade to upgrade): decorator>=3.4.0 in /usr/local/lib/python3.5/dist-packages (from networkx<=1.11,>=1.10->-r /home/inomjon/Projects/SIMCAM_SDK_v1.0.0/tools/mv_toolchain/model_conversion/requirements.txt (line 15))
You are using pip version 8.1.1, however version 19.0.3 is available.
You should consider upgrading via the 'pip install --upgrade pip' command.
Requirement already satisfied (use --upgrade to upgrade): Enum34>=1.1.6 in /usr/local/lib/python2.7/dist-packages
You are using pip version 8.1.1, however version 19.0.3 is available.
You should consider upgrading via the 'pip install --upgrade pip' command.
Caffe not found, installing caffe...
Downloading Caffe...
Cloning into 'ssd-caffe'...
Switched to a new branch 'ssd'
Branch ssd set up to track remote branch ssd from origin.
Compiling Caffe...
-- The C compiler identification is GNU 5.4.0
-- The CXX compiler identification is GNU 5.4.0
-- Check for working C compiler: /usr/bin/cc
-- Check for working C compiler: /usr/bin/cc -- works
-- Detecting C compiler ABI info
-- Detecting C compiler ABI info - done
-- Detecting C compile features
-- Detecting C compile features - done
-- Check for working CXX compiler: /usr/bin/c++
-- Check for working CXX compiler: /usr/bin/c++ -- works
-- Detecting CXX compiler ABI info
-- Detecting CXX compiler ABI info - done
-- Detecting CXX compile features
-- Detecting CXX compile features - done
-- Looking for pthread.h
-- Looking for pthread.h - found
-- Looking for pthread_create
-- Looking for pthread_create - not found
-- Looking for pthread_create in pthreads
-- Looking for pthread_create in pthreads - not found
-- Looking for pthread_create in pthread
-- Looking for pthread_create in pthread - found
-- Found Threads: TRUE  
-- Boost version: 1.58.0
-- Found the following Boost libraries:
--   system
--   thread
--   filesystem
--   regex
--   chrono
--   date_time
--   atomic
-- Found GFlags: /usr/include  
-- Found gflags  (include: /usr/include, library: /usr/lib/x86_64-linux-gnu/libgflags.so)
-- Found Glog: /usr/include  
-- Found glog    (include: /usr/include, library: /usr/lib/x86_64-linux-gnu/libglog.so)
-- Found Protobuf: /usr/lib/x86_64-linux-gnu/libprotobuf.so  
-- Found PROTOBUF Compiler: /usr/bin/protoc
-- Found HDF5: /usr/lib/x86_64-linux-gnu/hdf5/serial/lib/libhdf5_hl.so;/usr/lib/x86_64-linux-gnu/hdf5/serial/lib/libhdf5.so;/usr/lib/x86_64-linux-gnu/libpthread.so;/usr/lib/x86_64-linux-gnu/libsz.so;/usr/lib/x86_64-linux-gnu/libz.so;/usr/lib/x86_64-linux-gnu/libdl.so;/usr/lib/x86_64-linux-gnu/libm.so (found version "1.8.16") 
-- Found LMDB: /usr/include  
-- Found lmdb    (include: /usr/include, library: /usr/lib/x86_64-linux-gnu/liblmdb.so)
-- Found LevelDB: /usr/include  
-- Found LevelDB (include: /usr/include, library: /usr/lib/x86_64-linux-gnu/libleveldb.so)
-- Found Snappy: /usr/include  
-- Found Snappy  (include: /usr/include, library: /usr/lib/x86_64-linux-gnu/libsnappy.so)
CMake Warning at cmake/Dependencies.cmake:63 (message):
  -- CUDA is not detected by cmake.  Building without it...
Call Stack (most recent call first):
  CMakeLists.txt:43 (include)


-- OpenCV found (/usr/local/share/OpenCV)
-- Found Atlas: /usr/include  
-- Found Atlas (include: /usr/include, library: /usr/lib/libatlas.so)
-- Found PythonInterp: /usr/bin/python3 (found suitable version "3.5.2", minimum required is "3.0") 
-- Found PythonLibs: /usr/lib/x86_64-linux-gnu/libpython3.5m.so (found suitable version "3.5.2", minimum required is "3.0") 
-- Found NumPy: /home/inomjon/.local/lib/python3.5/site-packages/numpy/core/include (found suitable version "1.16.2", minimum required is "1.7.1") 
-- NumPy ver. 1.16.2 found (include: /home/inomjon/.local/lib/python3.5/site-packages/numpy/core/include)
-- Could NOT find Boost
-- Boost version: 1.58.0
-- Found the following Boost libraries:
--   python-py35
-- Could NOT find Doxygen (missing:  DOXYGEN_EXECUTABLE) 
-- Found Git: /usr/bin/git (found version "2.7.4") 
-- 
-- ******************* Caffe Configuration Summary *******************
-- General:
--   Version           :   1.0.0-rc3
--   Git               :   ssdv1.0-dirty
--   System            :   Linux
--   C++ compiler      :   /usr/bin/c++
--   Release CXX flags :   -O3 -DNDEBUG -fPIC -Wall -Wno-sign-compare -Wno-uninitialized
--   Debug CXX flags   :   -g -fPIC -Wall -Wno-sign-compare -Wno-uninitialized
--   Build type        :   Release
-- 
--   BUILD_SHARED_LIBS :   ON
--   BUILD_python      :   ON
--   BUILD_matlab      :   OFF
--   BUILD_docs        :   ON
--   CPU_ONLY          :   OFF
--   USE_OPENCV        :   ON
--   USE_LEVELDB       :   ON
--   USE_LMDB          :   ON
--   ALLOW_LMDB_NOLOCK :   OFF
-- 
-- Dependencies:
--   BLAS              :   Yes (Atlas)
--   Boost             :   Yes (ver. 1.58)
--   glog              :   Yes
--   gflags            :   Yes
--   protobuf          :   Yes (ver. 2.6.1)
--   lmdb              :   Yes (ver. 0.9.17)
--   LevelDB           :   Yes (ver. 1.18)
--   Snappy            :   Yes (ver. 1.1.3)
--   OpenCV            :   Yes (ver. 3.4.3)
--   CUDA              :   No
-- 
-- Python:
--   Interpreter       :   /usr/bin/python3 (ver. 3.5.2)
--   Libraries         :   /usr/lib/x86_64-linux-gnu/libpython3.5m.so (ver 3.5.2)
--   NumPy             :   /home/inomjon/.local/lib/python3.5/site-packages/numpy/core/include (ver 1.16.2)
-- 
-- Documentaion:
--   Doxygen           :   No
--   config_file       :   
-- 
-- Install:
--   Install path      :   /opt/movidius/ssd-caffe/build/install
-- 
-- Configuring done
-- Generating done
-- Build files have been written to: /opt/movidius/ssd-caffe/build
[  1%] Running C++/Python protocol buffer compiler on /opt/movidius/ssd-caffe/src/caffe/proto/caffe.proto
Scanning dependencies of target proto
[  1%] Building CXX object src/caffe/CMakeFiles/proto.dir/__/__/include/caffe/proto/caffe.pb.cc.o
[  1%] Linking CXX static library ../../lib/libproto.a
[  1%] Built target proto
Scanning dependencies of target caffe
[  2%] Building CXX object src/caffe/CMakeFiles/caffe.dir/layer_factory.cpp.o
[  2%] Building CXX object src/caffe/CMakeFiles/caffe.dir/layer.cpp.o
[  2%] Building CXX object src/caffe/CMakeFiles/caffe.dir/net.cpp.o
[  2%] Building CXX object src/caffe/CMakeFiles/caffe.dir/solver.cpp.o
[  4%] Building CXX object src/caffe/CMakeFiles/caffe.dir/internal_thread.cpp.o
[  4%] Building CXX object src/caffe/CMakeFiles/caffe.dir/syncedmem.cpp.o
[  4%] Building CXX object src/caffe/CMakeFiles/caffe.dir/layers/video_data_layer.cpp.o
[  5%] Building CXX object src/caffe/CMakeFiles/caffe.dir/layers/multibox_loss_layer.cpp.o
[  5%] Building CXX object src/caffe/CMakeFiles/caffe.dir/layers/spp_layer.cpp.o
[  7%] Building CXX object src/caffe/CMakeFiles/caffe.dir/layers/deconv_layer.cpp.o
[  7%] Building CXX object src/caffe/CMakeFiles/caffe.dir/layers/power_layer.cpp.o
[  7%] Building CXX object src/caffe/CMakeFiles/caffe.dir/layers/lstm_unit_layer.cpp.o
[  8%] Building CXX object src/caffe/CMakeFiles/caffe.dir/layers/reduction_layer.cpp.o
[  8%] Building CXX object src/caffe/CMakeFiles/caffe.dir/layers/bias_layer.cpp.o
[ 10%] Building CXX object src/caffe/CMakeFiles/caffe.dir/layers/threshold_layer.cpp.o
[ 10%] Building CXX object src/caffe/CMakeFiles/caffe.dir/layers/absval_layer.cpp.o
[ 11%] Building CXX object src/caffe/CMakeFiles/caffe.dir/layers/window_data_layer.cpp.o
[ 11%] Building CXX object src/caffe/CMakeFiles/caffe.dir/layers/parameter_layer.cpp.o
[ 11%] Building CXX object src/caffe/CMakeFiles/caffe.dir/layers/normalize_layer.cpp.o
[ 13%] Building CXX object src/caffe/CMakeFiles/caffe.dir/layers/annotated_data_layer.cpp.o
[ 13%] Building CXX object src/caffe/CMakeFiles/caffe.dir/layers/embed_layer.cpp.o
[ 14%] Building CXX object src/caffe/CMakeFiles/caffe.dir/layers/lstm_layer.cpp.o
[ 14%] Building CXX object src/caffe/CMakeFiles/caffe.dir/layers/scale_layer.cpp.o
[ 14%] Building CXX object src/caffe/CMakeFiles/caffe.dir/layers/permute_layer.cpp.o
[ 16%] Building CXX object src/caffe/CMakeFiles/caffe.dir/layers/filter_layer.cpp.o
[ 16%] Building CXX object src/caffe/CMakeFiles/caffe.dir/layers/lrn_layer.cpp.o
[ 17%] Building CXX object src/caffe/CMakeFiles/caffe.dir/layers/reshape_layer.cpp.o
[ 17%] Building CXX object src/caffe/CMakeFiles/caffe.dir/layers/concat_layer.cpp.o
[ 19%] Building CXX object src/caffe/CMakeFiles/caffe.dir/layers/inner_product_layer.cpp.o
[ 19%] Building CXX object src/caffe/CMakeFiles/caffe.dir/layers/silence_layer.cpp.o
[ 19%] Building CXX object src/caffe/CMakeFiles/caffe.dir/layers/mvn_layer.cpp.o
[ 20%] Building CXX object src/caffe/CMakeFiles/caffe.dir/layers/smooth_L1_loss_layer.cpp.o
[ 20%] Building CXX object src/caffe/CMakeFiles/caffe.dir/layers/multinomial_logistic_loss_layer.cpp.o
[ 22%] Building CXX object src/caffe/CMakeFiles/caffe.dir/layers/batch_norm_layer.cpp.o
[ 22%] Building CXX object src/caffe/CMakeFiles/caffe.dir/layers/input_layer.cpp.o
[ 22%] Building CXX object src/caffe/CMakeFiles/caffe.dir/layers/memory_data_layer.cpp.o
[ 23%] Building CXX object src/caffe/CMakeFiles/caffe.dir/layers/hdf5_output_layer.cpp.o
[ 23%] Building CXX object src/caffe/CMakeFiles/caffe.dir/layers/sigmoid_cross_entropy_loss_layer.cpp.o
[ 25%] Building CXX object src/caffe/CMakeFiles/caffe.dir/layers/tile_layer.cpp.o
[ 25%] Building CXX object src/caffe/CMakeFiles/caffe.dir/layers/image_data_layer.cpp.o
[ 26%] Building CXX object src/caffe/CMakeFiles/caffe.dir/layers/cudnn_lrn_layer.cpp.o
[ 26%] Building CXX object src/caffe/CMakeFiles/caffe.dir/layers/batch_reindex_layer.cpp.o
[ 26%] Building CXX object src/caffe/CMakeFiles/caffe.dir/layers/split_layer.cpp.o
[ 28%] Building CXX object src/caffe/CMakeFiles/caffe.dir/layers/loss_layer.cpp.o
[ 28%] Building CXX object src/caffe/CMakeFiles/caffe.dir/layers/hdf5_data_layer.cpp.o
[ 29%] Building CXX object src/caffe/CMakeFiles/caffe.dir/layers/softmax_loss_layer.cpp.o
[ 29%] Building CXX object src/caffe/CMakeFiles/caffe.dir/layers/cudnn_lcn_layer.cpp.o
[ 29%] Building CXX object src/caffe/CMakeFiles/caffe.dir/layers/base_conv_layer.cpp.o
[ 31%] Building CXX object src/caffe/CMakeFiles/caffe.dir/layers/hinge_loss_layer.cpp.o
[ 31%] Building CXX object src/caffe/CMakeFiles/caffe.dir/layers/euclidean_loss_layer.cpp.o
[ 32%] Building CXX object src/caffe/CMakeFiles/caffe.dir/layers/flatten_layer.cpp.o
[ 32%] Building CXX object src/caffe/CMakeFiles/caffe.dir/layers/cudnn_sigmoid_layer.cpp.o
[ 32%] Building CXX object src/caffe/CMakeFiles/caffe.dir/layers/sigmoid_layer.cpp.o
[ 34%] Building CXX object src/caffe/CMakeFiles/caffe.dir/layers/relu_layer.cpp.o
[ 34%] Building CXX object src/caffe/CMakeFiles/caffe.dir/layers/crop_layer.cpp.o
[ 35%] Building CXX object src/caffe/CMakeFiles/caffe.dir/layers/dummy_data_layer.cpp.o
[ 35%] Building CXX object src/caffe/CMakeFiles/caffe.dir/layers/infogain_loss_layer.cpp.o
[ 37%] Building CXX object src/caffe/CMakeFiles/caffe.dir/layers/neuron_layer.cpp.o
[ 37%] Building CXX object src/caffe/CMakeFiles/caffe.dir/layers/detection_output_layer.cpp.o
[ 37%] Building CXX object src/caffe/CMakeFiles/caffe.dir/layers/softmax_layer.cpp.o
[ 38%] Building CXX object src/caffe/CMakeFiles/caffe.dir/layers/cudnn_conv_layer.cpp.o
[ 38%] Building CXX object src/caffe/CMakeFiles/caffe.dir/layers/cudnn_softmax_layer.cpp.o
[ 40%] Building CXX object src/caffe/CMakeFiles/caffe.dir/layers/exp_layer.cpp.o
[ 40%] Building CXX object src/caffe/CMakeFiles/caffe.dir/layers/im2col_layer.cpp.o
[ 40%] Building CXX object src/caffe/CMakeFiles/caffe.dir/layers/slice_layer.cpp.o
[ 41%] Building CXX object src/caffe/CMakeFiles/caffe.dir/layers/bnll_layer.cpp.o
[ 41%] Building CXX object src/caffe/CMakeFiles/caffe.dir/layers/elu_layer.cpp.o
[ 43%] Building CXX object src/caffe/CMakeFiles/caffe.dir/layers/prelu_layer.cpp.o
[ 43%] Building CXX object src/caffe/CMakeFiles/caffe.dir/layers/cudnn_pooling_layer.cpp.o
[ 44%] Building CXX object src/caffe/CMakeFiles/caffe.dir/layers/pooling_layer.cpp.o
[ 44%] Building CXX object src/caffe/CMakeFiles/caffe.dir/layers/dropout_layer.cpp.o
[ 44%] Building CXX object src/caffe/CMakeFiles/caffe.dir/layers/rnn_layer.cpp.o
[ 46%] Building CXX object src/caffe/CMakeFiles/caffe.dir/layers/recurrent_layer.cpp.o
[ 46%] Building CXX object src/caffe/CMakeFiles/caffe.dir/layers/contrastive_loss_layer.cpp.o
[ 47%] Building CXX object src/caffe/CMakeFiles/caffe.dir/layers/tanh_layer.cpp.o
[ 47%] Building CXX object src/caffe/CMakeFiles/caffe.dir/layers/cudnn_tanh_layer.cpp.o
[ 47%] Building CXX object src/caffe/CMakeFiles/caffe.dir/layers/accuracy_layer.cpp.o
[ 49%] Building CXX object src/caffe/CMakeFiles/caffe.dir/layers/cudnn_relu_layer.cpp.o
[ 49%] Building CXX object src/caffe/CMakeFiles/caffe.dir/layers/data_layer.cpp.o
[ 50%] Building CXX object src/caffe/CMakeFiles/caffe.dir/layers/prior_box_layer.cpp.o
[ 50%] Building CXX object src/caffe/CMakeFiles/caffe.dir/layers/base_data_layer.cpp.o
[ 52%] Building CXX object src/caffe/CMakeFiles/caffe.dir/layers/argmax_layer.cpp.o
[ 52%] Building CXX object src/caffe/CMakeFiles/caffe.dir/layers/conv_layer.cpp.o
[ 52%] Building CXX object src/caffe/CMakeFiles/caffe.dir/layers/eltwise_layer.cpp.o
[ 53%] Building CXX object src/caffe/CMakeFiles/caffe.dir/layers/log_layer.cpp.o
[ 53%] Building CXX object src/caffe/CMakeFiles/caffe.dir/layers/detection_evaluate_layer.cpp.o
[ 55%] Building CXX object src/caffe/CMakeFiles/caffe.dir/data_reader.cpp.o
[ 55%] Building CXX object src/caffe/CMakeFiles/caffe.dir/common.cpp.o
[ 55%] Building CXX object src/caffe/CMakeFiles/caffe.dir/util/cudnn.cpp.o
[ 56%] Building CXX object src/caffe/CMakeFiles/caffe.dir/util/im2col.cpp.o
[ 56%] Building CXX object src/caffe/CMakeFiles/caffe.dir/util/bbox_util.cpp.o
[ 58%] Building CXX object src/caffe/CMakeFiles/caffe.dir/util/upgrade_proto.cpp.o
[ 58%] Building CXX object src/caffe/CMakeFiles/caffe.dir/util/db_leveldb.cpp.o
[ 59%] Building CXX object src/caffe/CMakeFiles/caffe.dir/util/db.cpp.o
[ 59%] Building CXX object src/caffe/CMakeFiles/caffe.dir/util/hdf5.cpp.o
[ 59%] Building CXX object src/caffe/CMakeFiles/caffe.dir/util/math_functions.cpp.o
[ 61%] Building CXX object src/caffe/CMakeFiles/caffe.dir/util/blocking_queue.cpp.o
[ 62%] Building CXX object src/caffe/CMakeFiles/caffe.dir/util/im_transforms.cpp.o
[ 62%] Building CXX object src/caffe/CMakeFiles/caffe.dir/util/io.cpp.o
[ 62%] Building CXX object src/caffe/CMakeFiles/caffe.dir/util/insert_splits.cpp.o
[ 62%] Building CXX object src/caffe/CMakeFiles/caffe.dir/util/db_lmdb.cpp.o
[ 64%] Building CXX object src/caffe/CMakeFiles/caffe.dir/util/signal_handler.cpp.o
[ 64%] Building CXX object src/caffe/CMakeFiles/caffe.dir/util/sampler.cpp.o
[ 65%] Building CXX object src/caffe/CMakeFiles/caffe.dir/util/benchmark.cpp.o
[ 65%] Building CXX object src/caffe/CMakeFiles/caffe.dir/blob.cpp.o
[ 65%] Building CXX object src/caffe/CMakeFiles/caffe.dir/parallel.cpp.o
[ 67%] Building CXX object src/caffe/CMakeFiles/caffe.dir/data_transformer.cpp.o
[ 67%] Building CXX object src/caffe/CMakeFiles/caffe.dir/solvers/nesterov_solver.cpp.o
[ 68%] Building CXX object src/caffe/CMakeFiles/caffe.dir/solvers/rmsprop_solver.cpp.o
[ 68%] Building CXX object src/caffe/CMakeFiles/caffe.dir/solvers/adam_solver.cpp.o
[ 70%] Building CXX object src/caffe/CMakeFiles/caffe.dir/solvers/adadelta_solver.cpp.o
[ 70%] Building CXX object src/caffe/CMakeFiles/caffe.dir/solvers/sgd_solver.cpp.o
[ 70%] Building CXX object src/caffe/CMakeFiles/caffe.dir/solvers/adagrad_solver.cpp.o
[ 71%] Linking CXX shared library ../../lib/libcaffe.so
[ 71%] Built target caffe
Scanning dependencies of target device_query
Scanning dependencies of target convert_annoset
Scanning dependencies of target train_net
Scanning dependencies of target test_net
Scanning dependencies of target finetune_net
Scanning dependencies of target caffe.bin
[ 73%] Building CXX object tools/CMakeFiles/device_query.dir/device_query.cpp.o
[ 74%] Building CXX object tools/CMakeFiles/convert_annoset.dir/convert_annoset.cpp.o
[ 76%] Building CXX object tools/CMakeFiles/test_net.dir/test_net.cpp.o
[ 76%] Building CXX object tools/CMakeFiles/finetune_net.dir/finetune_net.cpp.o
[ 76%] Building CXX object tools/CMakeFiles/caffe.bin.dir/caffe.cpp.o
[ 77%] Building CXX object tools/CMakeFiles/train_net.dir/train_net.cpp.o
[ 77%] Linking CXX executable device_query
[ 77%] Built target device_query
Scanning dependencies of target get_image_size
[ 77%] Building CXX object tools/CMakeFiles/get_image_size.dir/get_image_size.cpp.o
[ 79%] Linking CXX executable get_image_size
[ 79%] Linking CXX executable train_net
[ 80%] Linking CXX executable test_net
[ 80%] Linking CXX executable finetune_net
[ 80%] Built target train_net
Scanning dependencies of target net_speed_benchmark
[ 80%] Built target finetune_net
[ 82%] Building CXX object tools/CMakeFiles/net_speed_benchmark.dir/net_speed_benchmark.cpp.o
[ 82%] Built target test_net
Scanning dependencies of target upgrade_solver_proto_text
Scanning dependencies of target convert_imageset
[ 82%] Building CXX object tools/CMakeFiles/upgrade_solver_proto_text.dir/upgrade_solver_proto_text.cpp.o
[ 82%] Building CXX object tools/CMakeFiles/convert_imageset.dir/convert_imageset.cpp.o
[ 82%] Built target get_image_size
Scanning dependencies of target upgrade_net_proto_binary
[ 82%] Building CXX object tools/CMakeFiles/upgrade_net_proto_binary.dir/upgrade_net_proto_binary.cpp.o
[ 82%] Linking CXX executable convert_annoset
[ 82%] Built target convert_annoset
Scanning dependencies of target create_label_map
[ 83%] Building CXX object tools/CMakeFiles/create_label_map.dir/create_label_map.cpp.o
[ 85%] Linking CXX executable convert_imageset
[ 85%] Linking CXX executable create_label_map
[ 85%] Linking CXX executable net_speed_benchmark
[ 86%] Linking CXX executable upgrade_solver_proto_text
[ 86%] Built target net_speed_benchmark
Scanning dependencies of target compute_image_mean
[ 88%] Building CXX object tools/CMakeFiles/compute_image_mean.dir/compute_image_mean.cpp.o
[ 89%] Linking CXX executable upgrade_net_proto_binary
[ 89%] Built target create_label_map
[ 89%] Built target convert_imageset
Scanning dependencies of target extract_features
Scanning dependencies of target upgrade_net_proto_text
[ 91%] Building CXX object tools/CMakeFiles/extract_features.dir/extract_features.cpp.o
[ 91%] Building CXX object tools/CMakeFiles/upgrade_net_proto_text.dir/upgrade_net_proto_text.cpp.o
[ 91%] Built target upgrade_solver_proto_text
Scanning dependencies of target ssd_detect
[ 91%] Built target upgrade_net_proto_binary
Scanning dependencies of target convert_mnist_siamese_data
[ 92%] Building CXX object examples/CMakeFiles/ssd_detect.dir/ssd/ssd_detect.cpp.o
[ 92%] Building CXX object examples/CMakeFiles/convert_mnist_siamese_data.dir/siamese/convert_mnist_siamese_data.cpp.o
[ 92%] Linking CXX executable compute_image_mean
[ 92%] Linking CXX executable siamese/convert_mnist_siamese_data
[ 92%] Built target compute_image_mean
Scanning dependencies of target classification
[ 92%] Building CXX object examples/CMakeFiles/classification.dir/cpp_classification/classification.cpp.o
[ 94%] Linking CXX executable caffe
[ 94%] Built target convert_mnist_siamese_data
Scanning dependencies of target convert_cifar_data
[ 95%] Building CXX object examples/CMakeFiles/convert_cifar_data.dir/cifar10/convert_cifar_data.cpp.o
[ 95%] Built target caffe.bin
[ 97%] Linking CXX executable upgrade_net_proto_text
Scanning dependencies of target convert_mnist_data
[ 97%] Building CXX object examples/CMakeFiles/convert_mnist_data.dir/mnist/convert_mnist_data.cpp.o
[ 97%] Built target upgrade_net_proto_text
Scanning dependencies of target pycaffe
[ 98%] Building CXX object python/CMakeFiles/pycaffe.dir/caffe/_caffe.cpp.o
[100%] Linking CXX executable mnist/convert_mnist_data
[100%] Linking CXX executable cifar10/convert_cifar_data
[100%] Linking CXX executable extract_features
[100%] Built target convert_mnist_data
[100%] Built target convert_cifar_data
[100%] Built target extract_features
[100%] Linking CXX executable ssd/ssd_detect
[100%] Built target ssd_detect
[100%] Linking CXX executable cpp_classification/classification
[100%] Built target classification
[100%] Linking CXX shared library ../lib/_caffe.so
Creating symlink /opt/movidius/ssd-caffe/python/caffe/_caffe.so -> /opt/movidius/ssd-caffe/build/lib/_caffe.so
[100%] Built target pycaffe
Installing caffe...
[  1%] Built target proto
[ 71%] Built target caffe
[ 73%] Built target finetune_net
[ 74%] Built target caffe.bin
[ 76%] Built target convert_annoset
[ 77%] Built target test_net
[ 79%] Built target train_net
[ 80%] Built target device_query
[ 82%] Built target get_image_size
[ 83%] Built target net_speed_benchmark
[ 85%] Built target upgrade_solver_proto_text
[ 86%] Built target convert_imageset
[ 88%] Built target upgrade_net_proto_binary
[ 89%] Built target create_label_map
[ 91%] Built target compute_image_mean
[ 92%] Built target extract_features
[ 94%] Built target upgrade_net_proto_text
[ 95%] Built target ssd_detect
[ 95%] Built target convert_mnist_siamese_data
[ 95%] Built target classification
[ 97%] Built target convert_cifar_data
[ 98%] Built target convert_mnist_data
[100%] Built target pycaffe
Install the project...
-- Install configuration: "Release"
-- Installing: /opt/movidius/ssd-caffe/build/install/share/Caffe/CaffeConfig.cmake
-- Installing: /opt/movidius/ssd-caffe/build/install/share/Caffe/CaffeTargets.cmake
-- Installing: /opt/movidius/ssd-caffe/build/install/share/Caffe/CaffeTargets-release.cmake
-- Installing: /opt/movidius/ssd-caffe/build/install/include/caffe
-- Installing: /opt/movidius/ssd-caffe/build/install/include/caffe/caffe.hpp
-- Installing: /opt/movidius/ssd-caffe/build/install/include/caffe/layers
-- Installing: /opt/movidius/ssd-caffe/build/install/include/caffe/layers/lrn_layer.hpp
-- Installing: /opt/movidius/ssd-caffe/build/install/include/caffe/layers/contrastive_loss_layer.hpp
-- Installing: /opt/movidius/ssd-caffe/build/install/include/caffe/layers/hdf5_output_layer.hpp
-- Installing: /opt/movidius/ssd-caffe/build/install/include/caffe/layers/video_data_layer.hpp
-- Installing: /opt/movidius/ssd-caffe/build/install/include/caffe/layers/mvn_layer.hpp
-- Installing: /opt/movidius/ssd-caffe/build/install/include/caffe/layers/scale_layer.hpp
-- Installing: /opt/movidius/ssd-caffe/build/install/include/caffe/layers/im2col_layer.hpp
-- Installing: /opt/movidius/ssd-caffe/build/install/include/caffe/layers/data_layer.hpp
-- Installing: /opt/movidius/ssd-caffe/build/install/include/caffe/layers/argmax_layer.hpp
-- Installing: /opt/movidius/ssd-caffe/build/install/include/caffe/layers/pooling_layer.hpp
-- Installing: /opt/movidius/ssd-caffe/build/install/include/caffe/layers/flatten_layer.hpp
-- Installing: /opt/movidius/ssd-caffe/build/install/include/caffe/layers/reduction_layer.hpp
-- Installing: /opt/movidius/ssd-caffe/build/install/include/caffe/layers/relu_layer.hpp
-- Installing: /opt/movidius/ssd-caffe/build/install/include/caffe/layers/parameter_layer.hpp
-- Installing: /opt/movidius/ssd-caffe/build/install/include/caffe/layers/infogain_loss_layer.hpp
-- Installing: /opt/movidius/ssd-caffe/build/install/include/caffe/layers/deconv_layer.hpp
-- Installing: /opt/movidius/ssd-caffe/build/install/include/caffe/layers/dropout_layer.hpp
-- Installing: /opt/movidius/ssd-caffe/build/install/include/caffe/layers/softmax_layer.hpp
-- Installing: /opt/movidius/ssd-caffe/build/install/include/caffe/layers/embed_layer.hpp
-- Installing: /opt/movidius/ssd-caffe/build/install/include/caffe/layers/crop_layer.hpp
-- Installing: /opt/movidius/ssd-caffe/build/install/include/caffe/layers/split_layer.hpp
-- Installing: /opt/movidius/ssd-caffe/build/install/include/caffe/layers/absval_layer.hpp
-- Installing: /opt/movidius/ssd-caffe/build/install/include/caffe/layers/prior_box_layer.hpp
-- Installing: /opt/movidius/ssd-caffe/build/install/include/caffe/layers/silence_layer.hpp
-- Installing: /opt/movidius/ssd-caffe/build/install/include/caffe/layers/softmax_loss_layer.hpp
-- Installing: /opt/movidius/ssd-caffe/build/install/include/caffe/layers/bias_layer.hpp
-- Installing: /opt/movidius/ssd-caffe/build/install/include/caffe/layers/base_data_layer.hpp
-- Installing: /opt/movidius/ssd-caffe/build/install/include/caffe/layers/cudnn_lrn_layer.hpp
-- Installing: /opt/movidius/ssd-caffe/build/install/include/caffe/layers/smooth_L1_loss_layer.hpp
-- Installing: /opt/movidius/ssd-caffe/build/install/include/caffe/layers/bnll_layer.hpp
-- Installing: /opt/movidius/ssd-caffe/build/install/include/caffe/layers/reshape_layer.hpp
-- Installing: /opt/movidius/ssd-caffe/build/install/include/caffe/layers/exp_layer.hpp
-- Installing: /opt/movidius/ssd-caffe/build/install/include/caffe/layers/inner_product_layer.hpp
-- Installing: /opt/movidius/ssd-caffe/build/install/include/caffe/layers/sigmoid_layer.hpp
-- Installing: /opt/movidius/ssd-caffe/build/install/include/caffe/layers/hinge_loss_layer.hpp
-- Installing: /opt/movidius/ssd-caffe/build/install/include/caffe/layers/normalize_layer.hpp
-- Installing: /opt/movidius/ssd-caffe/build/install/include/caffe/layers/hdf5_data_layer.hpp
-- Installing: /opt/movidius/ssd-caffe/build/install/include/caffe/layers/accuracy_layer.hpp
-- Installing: /opt/movidius/ssd-caffe/build/install/include/caffe/layers/tanh_layer.hpp
-- Installing: /opt/movidius/ssd-caffe/build/install/include/caffe/layers/lstm_layer.hpp
-- Installing: /opt/movidius/ssd-caffe/build/install/include/caffe/layers/concat_layer.hpp
-- Installing: /opt/movidius/ssd-caffe/build/install/include/caffe/layers/rnn_layer.hpp
-- Installing: /opt/movidius/ssd-caffe/build/install/include/caffe/layers/window_data_layer.hpp
-- Installing: /opt/movidius/ssd-caffe/build/install/include/caffe/layers/cudnn_softmax_layer.hpp
-- Installing: /opt/movidius/ssd-caffe/build/install/include/caffe/layers/loss_layer.hpp
-- Installing: /opt/movidius/ssd-caffe/build/install/include/caffe/layers/multibox_loss_layer.hpp
-- Installing: /opt/movidius/ssd-caffe/build/install/include/caffe/layers/elu_layer.hpp
-- Installing: /opt/movidius/ssd-caffe/build/install/include/caffe/layers/annotated_data_layer.hpp
-- Installing: /opt/movidius/ssd-caffe/build/install/include/caffe/layers/conv_layer.hpp
-- Installing: /opt/movidius/ssd-caffe/build/install/include/caffe/layers/cudnn_lcn_layer.hpp
-- Installing: /opt/movidius/ssd-caffe/build/install/include/caffe/layers/cudnn_conv_layer.hpp
-- Installing: /opt/movidius/ssd-caffe/build/install/include/caffe/layers/slice_layer.hpp
-- Installing: /opt/movidius/ssd-caffe/build/install/include/caffe/layers/cudnn_sigmoid_layer.hpp
-- Installing: /opt/movidius/ssd-caffe/build/install/include/caffe/layers/memory_data_layer.hpp
-- Installing: /opt/movidius/ssd-caffe/build/install/include/caffe/layers/sigmoid_cross_entropy_loss_layer.hpp
-- Installing: /opt/movidius/ssd-caffe/build/install/include/caffe/layers/prelu_layer.hpp
-- Installing: /opt/movidius/ssd-caffe/build/install/include/caffe/layers/power_layer.hpp
-- Installing: /opt/movidius/ssd-caffe/build/install/include/caffe/layers/batch_norm_layer.hpp
-- Installing: /opt/movidius/ssd-caffe/build/install/include/caffe/layers/log_layer.hpp
-- Installing: /opt/movidius/ssd-caffe/build/install/include/caffe/layers/permute_layer.hpp
-- Installing: /opt/movidius/ssd-caffe/build/install/include/caffe/layers/filter_layer.hpp
-- Installing: /opt/movidius/ssd-caffe/build/install/include/caffe/layers/threshold_layer.hpp
-- Installing: /opt/movidius/ssd-caffe/build/install/include/caffe/layers/input_layer.hpp
-- Installing: /opt/movidius/ssd-caffe/build/install/include/caffe/layers/neuron_layer.hpp
-- Installing: /opt/movidius/ssd-caffe/build/install/include/caffe/layers/detection_output_layer.hpp
-- Installing: /opt/movidius/ssd-caffe/build/install/include/caffe/layers/image_data_layer.hpp
-- Installing: /opt/movidius/ssd-caffe/build/install/include/caffe/layers/cudnn_tanh_layer.hpp
-- Installing: /opt/movidius/ssd-caffe/build/install/include/caffe/layers/cudnn_relu_layer.hpp
-- Installing: /opt/movidius/ssd-caffe/build/install/include/caffe/layers/spp_layer.hpp
-- Installing: /opt/movidius/ssd-caffe/build/install/include/caffe/layers/dummy_data_layer.hpp
-- Installing: /opt/movidius/ssd-caffe/build/install/include/caffe/layers/multinomial_logistic_loss_layer.hpp
-- Installing: /opt/movidius/ssd-caffe/build/install/include/caffe/layers/eltwise_layer.hpp
-- Installing: /opt/movidius/ssd-caffe/build/install/include/caffe/layers/recurrent_layer.hpp
-- Installing: /opt/movidius/ssd-caffe/build/install/include/caffe/layers/base_conv_layer.hpp
-- Installing: /opt/movidius/ssd-caffe/build/install/include/caffe/layers/python_layer.hpp
-- Installing: /opt/movidius/ssd-caffe/build/install/include/caffe/layers/euclidean_loss_layer.hpp
-- Installing: /opt/movidius/ssd-caffe/build/install/include/caffe/layers/detection_evaluate_layer.hpp
-- Installing: /opt/movidius/ssd-caffe/build/install/include/caffe/layers/cudnn_pooling_layer.hpp
-- Installing: /opt/movidius/ssd-caffe/build/install/include/caffe/layers/tile_layer.hpp
-- Installing: /opt/movidius/ssd-caffe/build/install/include/caffe/layers/batch_reindex_layer.hpp
-- Installing: /opt/movidius/ssd-caffe/build/install/include/caffe/net.hpp
-- Installing: /opt/movidius/ssd-caffe/build/install/include/caffe/syncedmem.hpp
-- Installing: /opt/movidius/ssd-caffe/build/install/include/caffe/solver.hpp
-- Installing: /opt/movidius/ssd-caffe/build/install/include/caffe/parallel.hpp
-- Installing: /opt/movidius/ssd-caffe/build/install/include/caffe/test
-- Installing: /opt/movidius/ssd-caffe/build/install/include/caffe/test/test_gradient_check_util.hpp
-- Installing: /opt/movidius/ssd-caffe/build/install/include/caffe/test/test_caffe_main.hpp
-- Installing: /opt/movidius/ssd-caffe/build/install/include/caffe/data_reader.hpp
-- Installing: /opt/movidius/ssd-caffe/build/install/include/caffe/internal_thread.hpp
-- Installing: /opt/movidius/ssd-caffe/build/install/include/caffe/data_transformer.hpp
-- Installing: /opt/movidius/ssd-caffe/build/install/include/caffe/blob.hpp
-- Installing: /opt/movidius/ssd-caffe/build/install/include/caffe/layer_factory.hpp
-- Installing: /opt/movidius/ssd-caffe/build/install/include/caffe/common.hpp
-- Installing: /opt/movidius/ssd-caffe/build/install/include/caffe/layer.hpp
-- Installing: /opt/movidius/ssd-caffe/build/install/include/caffe/util
-- Installing: /opt/movidius/ssd-caffe/build/install/include/caffe/util/gpu_util.cuh
-- Installing: /opt/movidius/ssd-caffe/build/install/include/caffe/util/insert_splits.hpp
-- Installing: /opt/movidius/ssd-caffe/build/install/include/caffe/util/rng.hpp
-- Installing: /opt/movidius/ssd-caffe/build/install/include/caffe/util/sampler.hpp
-- Installing: /opt/movidius/ssd-caffe/build/install/include/caffe/util/db_leveldb.hpp
-- Installing: /opt/movidius/ssd-caffe/build/install/include/caffe/util/device_alternate.hpp
-- Installing: /opt/movidius/ssd-caffe/build/install/include/caffe/util/mkl_alternate.hpp
-- Installing: /opt/movidius/ssd-caffe/build/install/include/caffe/util/db_lmdb.hpp
-- Installing: /opt/movidius/ssd-caffe/build/install/include/caffe/util/signal_handler.h
-- Installing: /opt/movidius/ssd-caffe/build/install/include/caffe/util/math_functions.hpp
-- Installing: /opt/movidius/ssd-caffe/build/install/include/caffe/util/upgrade_proto.hpp
-- Installing: /opt/movidius/ssd-caffe/build/install/include/caffe/util/db.hpp
-- Installing: /opt/movidius/ssd-caffe/build/install/include/caffe/util/cudnn.hpp
-- Installing: /opt/movidius/ssd-caffe/build/install/include/caffe/util/bbox_util.hpp
-- Installing: /opt/movidius/ssd-caffe/build/install/include/caffe/util/blocking_queue.hpp
-- Installing: /opt/movidius/ssd-caffe/build/install/include/caffe/util/im2col.hpp
-- Installing: /opt/movidius/ssd-caffe/build/install/include/caffe/util/format.hpp
-- Installing: /opt/movidius/ssd-caffe/build/install/include/caffe/util/hdf5.hpp
-- Installing: /opt/movidius/ssd-caffe/build/install/include/caffe/util/benchmark.hpp
-- Installing: /opt/movidius/ssd-caffe/build/install/include/caffe/util/io.hpp
-- Installing: /opt/movidius/ssd-caffe/build/install/include/caffe/util/im_transforms.hpp
-- Installing: /opt/movidius/ssd-caffe/build/install/include/caffe/solver_factory.hpp
-- Installing: /opt/movidius/ssd-caffe/build/install/include/caffe/filler.hpp
-- Installing: /opt/movidius/ssd-caffe/build/install/include/caffe/sgd_solvers.hpp
-- Installing: /opt/movidius/ssd-caffe/build/install/include/caffe/proto/caffe.pb.h
-- Installing: /opt/movidius/ssd-caffe/build/install/lib/libcaffe.so.1.0.0-rc3
-- Installing: /opt/movidius/ssd-caffe/build/install/lib/libcaffe.so
-- Set runtime path of "/opt/movidius/ssd-caffe/build/install/lib/libcaffe.so.1.0.0-rc3" to "/opt/movidius/ssd-caffe/build/install/lib:/usr/lib/x86_64-linux-gnu/hdf5/serial/lib:/usr/local/lib"
-- Installing: /opt/movidius/ssd-caffe/build/install/lib/libproto.a
-- Installing: /opt/movidius/ssd-caffe/build/install/python/caffe/proto/caffe_pb2.py
-- Installing: /opt/movidius/ssd-caffe/build/install/python/caffe/proto/__init__.py
-- Installing: /opt/movidius/ssd-caffe/build/install/bin/test_net
-- Set runtime path of "/opt/movidius/ssd-caffe/build/install/bin/test_net" to "/opt/movidius/ssd-caffe/build/install/lib:/usr/lib/x86_64-linux-gnu/hdf5/serial/lib:/usr/local/lib"
-- Installing: /opt/movidius/ssd-caffe/build/install/bin/caffe
-- Set runtime path of "/opt/movidius/ssd-caffe/build/install/bin/caffe" to "/opt/movidius/ssd-caffe/build/install/lib:/usr/lib/x86_64-linux-gnu/hdf5/serial/lib:/usr/local/lib"
-- Installing: /opt/movidius/ssd-caffe/build/install/bin/create_label_map
-- Set runtime path of "/opt/movidius/ssd-caffe/build/install/bin/create_label_map" to "/opt/movidius/ssd-caffe/build/install/lib:/usr/lib/x86_64-linux-gnu/hdf5/serial/lib:/usr/local/lib"
-- Installing: /opt/movidius/ssd-caffe/build/install/bin/net_speed_benchmark
-- Set runtime path of "/opt/movidius/ssd-caffe/build/install/bin/net_speed_benchmark" to "/opt/movidius/ssd-caffe/build/install/lib:/usr/lib/x86_64-linux-gnu/hdf5/serial/lib:/usr/local/lib"
-- Installing: /opt/movidius/ssd-caffe/build/install/bin/train_net
-- Set runtime path of "/opt/movidius/ssd-caffe/build/install/bin/train_net" to "/opt/movidius/ssd-caffe/build/install/lib:/usr/lib/x86_64-linux-gnu/hdf5/serial/lib:/usr/local/lib"
-- Installing: /opt/movidius/ssd-caffe/build/install/bin/upgrade_solver_proto_text
-- Set runtime path of "/opt/movidius/ssd-caffe/build/install/bin/upgrade_solver_proto_text" to "/opt/movidius/ssd-caffe/build/install/lib:/usr/lib/x86_64-linux-gnu/hdf5/serial/lib:/usr/local/lib"
-- Installing: /opt/movidius/ssd-caffe/build/install/bin/get_image_size
-- Set runtime path of "/opt/movidius/ssd-caffe/build/install/bin/get_image_size" to "/opt/movidius/ssd-caffe/build/install/lib:/usr/lib/x86_64-linux-gnu/hdf5/serial/lib:/usr/local/lib"
-- Installing: /opt/movidius/ssd-caffe/build/install/bin/upgrade_net_proto_binary
-- Set runtime path of "/opt/movidius/ssd-caffe/build/install/bin/upgrade_net_proto_binary" to "/opt/movidius/ssd-caffe/build/install/lib:/usr/lib/x86_64-linux-gnu/hdf5/serial/lib:/usr/local/lib"
-- Installing: /opt/movidius/ssd-caffe/build/install/bin/upgrade_net_proto_text
-- Set runtime path of "/opt/movidius/ssd-caffe/build/install/bin/upgrade_net_proto_text" to "/opt/movidius/ssd-caffe/build/install/lib:/usr/lib/x86_64-linux-gnu/hdf5/serial/lib:/usr/local/lib"
-- Installing: /opt/movidius/ssd-caffe/build/install/bin/compute_image_mean
-- Set runtime path of "/opt/movidius/ssd-caffe/build/install/bin/compute_image_mean" to "/opt/movidius/ssd-caffe/build/install/lib:/usr/lib/x86_64-linux-gnu/hdf5/serial/lib:/usr/local/lib"
-- Installing: /opt/movidius/ssd-caffe/build/install/bin/extract_features
-- Set runtime path of "/opt/movidius/ssd-caffe/build/install/bin/extract_features" to "/opt/movidius/ssd-caffe/build/install/lib:/usr/lib/x86_64-linux-gnu/hdf5/serial/lib:/usr/local/lib"
-- Installing: /opt/movidius/ssd-caffe/build/install/bin/device_query
-- Set runtime path of "/opt/movidius/ssd-caffe/build/install/bin/device_query" to "/opt/movidius/ssd-caffe/build/install/lib:/usr/lib/x86_64-linux-gnu/hdf5/serial/lib:/usr/local/lib"
-- Installing: /opt/movidius/ssd-caffe/build/install/bin/finetune_net
-- Set runtime path of "/opt/movidius/ssd-caffe/build/install/bin/finetune_net" to "/opt/movidius/ssd-caffe/build/install/lib:/usr/lib/x86_64-linux-gnu/hdf5/serial/lib:/usr/local/lib"
-- Installing: /opt/movidius/ssd-caffe/build/install/bin/convert_annoset
-- Set runtime path of "/opt/movidius/ssd-caffe/build/install/bin/convert_annoset" to "/opt/movidius/ssd-caffe/build/install/lib:/usr/lib/x86_64-linux-gnu/hdf5/serial/lib:/usr/local/lib"
-- Installing: /opt/movidius/ssd-caffe/build/install/bin/convert_imageset
-- Set runtime path of "/opt/movidius/ssd-caffe/build/install/bin/convert_imageset" to "/opt/movidius/ssd-caffe/build/install/lib:/usr/lib/x86_64-linux-gnu/hdf5/serial/lib:/usr/local/lib"
-- Installing: /opt/movidius/ssd-caffe/build/install/bin/convert_mnist_data
-- Set runtime path of "/opt/movidius/ssd-caffe/build/install/bin/convert_mnist_data" to "/opt/movidius/ssd-caffe/build/install/lib:/usr/lib/x86_64-linux-gnu/hdf5/serial/lib:/usr/local/lib"
-- Installing: /opt/movidius/ssd-caffe/build/install/bin/convert_cifar_data
-- Set runtime path of "/opt/movidius/ssd-caffe/build/install/bin/convert_cifar_data" to "/opt/movidius/ssd-caffe/build/install/lib:/usr/lib/x86_64-linux-gnu/hdf5/serial/lib:/usr/local/lib"
-- Installing: /opt/movidius/ssd-caffe/build/install/bin/convert_mnist_siamese_data
-- Set runtime path of "/opt/movidius/ssd-caffe/build/install/bin/convert_mnist_siamese_data" to "/opt/movidius/ssd-caffe/build/install/lib:/usr/lib/x86_64-linux-gnu/hdf5/serial/lib:/usr/local/lib"
-- Installing: /opt/movidius/ssd-caffe/build/install/bin/ssd_detect
-- Set runtime path of "/opt/movidius/ssd-caffe/build/install/bin/ssd_detect" to "/opt/movidius/ssd-caffe/build/install/lib:/usr/lib/x86_64-linux-gnu/hdf5/serial/lib:/usr/local/lib"
-- Installing: /opt/movidius/ssd-caffe/build/install/bin/classification
-- Set runtime path of "/opt/movidius/ssd-caffe/build/install/bin/classification" to "/opt/movidius/ssd-caffe/build/install/lib:/usr/lib/x86_64-linux-gnu/hdf5/serial/lib:/usr/local/lib"
-- Installing: /opt/movidius/ssd-caffe/build/install/python/draw_net.py
-- Installing: /opt/movidius/ssd-caffe/build/install/python/classify.py
-- Installing: /opt/movidius/ssd-caffe/build/install/python/detect.py
-- Installing: /opt/movidius/ssd-caffe/build/install/python/requirements.txt
-- Up-to-date: /opt/movidius/ssd-caffe/build/install/python/caffe
-- Installing: /opt/movidius/ssd-caffe/build/install/python/caffe/net_spec.py
-- Installing: /opt/movidius/ssd-caffe/build/install/python/caffe/model_libs.py
-- Installing: /opt/movidius/ssd-caffe/build/install/python/caffe/classifier.py
-- Up-to-date: /opt/movidius/ssd-caffe/build/install/python/caffe/proto
-- Installing: /opt/movidius/ssd-caffe/build/install/python/caffe/proto/caffe_pb2.py
-- Installing: /opt/movidius/ssd-caffe/build/install/python/caffe/proto/__init__.py
-- Installing: /opt/movidius/ssd-caffe/build/install/python/caffe/io.py
-- Installing: /opt/movidius/ssd-caffe/build/install/python/caffe/pycaffe.py
-- Installing: /opt/movidius/ssd-caffe/build/install/python/caffe/coord_map.py
-- Installing: /opt/movidius/ssd-caffe/build/install/python/caffe/__init__.py
-- Installing: /opt/movidius/ssd-caffe/build/install/python/caffe/detector.py
-- Installing: /opt/movidius/ssd-caffe/build/install/python/caffe/draw.py
-- Installing: /opt/movidius/ssd-caffe/build/install/python/caffe/imagenet
-- Installing: /opt/movidius/ssd-caffe/build/install/python/caffe/imagenet/ilsvrc_2012_mean.npy
-- Installing: /opt/movidius/ssd-caffe/build/install/python/caffe/_caffe.so
-- Set runtime path of "/opt/movidius/ssd-caffe/build/install/python/caffe/_caffe.so" to "/opt/movidius/ssd-caffe/build/install/lib:/usr/lib/x86_64-linux-gnu/hdf5/serial/lib:/usr/local/lib"
Removing previous references to previous caffe installation...done
Adding caffe to PYTHONPATH
dpkg-query: package 'python3-mvnc' is not installed and no information is available
Use dpkg --info (= dpkg-deb --info) to examine archive files,
and dpkg --contents (= dpkg-deb --contents) to list their contents.
dpkg-query: package 'mvnc-dev' is not installed and no information is available
Use dpkg --info (= dpkg-deb --info) to examine archive files,
and dpkg --contents (= dpkg-deb --contents) to list their contents.
dpkg-query: package 'mvnc' is not installed and no information is available
Use dpkg --info (= dpkg-deb --info) to examine archive files,
and dpkg --contents (= dpkg-deb --contents) to list their contents.
Processing /home/inomjon/Projects/SIMCAM_SDK_v1.0.0/tools/mv_toolchain/model_conversion/ncsdk-x86_64/api
Installing collected packages: mvnc
  Running setup.py install for mvnc: started
    Running setup.py install for mvnc: finished with status 'done'
Successfully installed mvnc-1.12.0.1
You are using pip version 8.1.1, however version 19.0.3 is available.
You should consider upgrading via the 'pip install --upgrade pip' command.
Processing /home/inomjon/Projects/SIMCAM_SDK_v1.0.0/tools/mv_toolchain/model_conversion/ncsdk-x86_64/api
Installing collected packages: mvnc
  Running setup.py install for mvnc: started
    Running setup.py install for mvnc: finished with status 'done'
Successfully installed mvnc-1.12.0.1
You are using pip version 8.1.1, however version 19.0.3 is available.
You should consider upgrading via the 'pip install --upgrade pip' command.
NCS Libraries have been installed in /usr/local/lib
NCS Toolkit binaries have been installed in /usr/local/bin
NCS Include files have been installed in /usr/local/include
NCS Python API has been installed in /opt/movidius, and PYTHONPATH environment variable updated
Updating udev rules...
Adding user 'inomjon' to 'users' group
[32mSetup is complete.[m
The PYTHONPATH enviroment variable was added to your .bashrc as described in the Caffe documentation. 
[33mKeep in mind that only newly spawned terminals can see this variable!
This means that you need to open a new terminal in order to be able to use the NCSDK.[m
Please provide feedback in our support forum if you encountered difficulties.
